2025-08-26 09:14:50,351 [INFO] Activator:176 - 


2025-08-26 09:14:50,353 [INFO] Activator:177 - !SESSION log4j initialized
2025-08-26 09:14:53,031 [ERROR] LogOutputStream:75 - [STDERR_REDIRECT] 
2025-08-26 09:14:55,448 [INFO] LogOutputStream:77 - [STDOUT_REDIRECT] 
2025-08-26 09:14:56,099 [ERROR] LogOutputStream:75 - [STDERR_REDIRECT] java.net.URISyntaxException: Illegal character in path at index 58: file:/Users/benlilburne/Desktop/ELEC5550-Team0-03/Software Design/.metadata/.log4j2.xml
2025-08-26 09:14:56,101 [ERROR] LogOutputStream:75 - [STDERR_REDIRECT] 	at java.base/java.net.URI$Parser.fail(URI.java:2995)
2025-08-26 09:14:56,102 [ERROR] LogOutputStream:75 - [STDERR_REDIRECT] 	at java.base/java.net.URI$Parser.checkChars(URI.java:3166)
2025-08-26 09:14:56,106 [ERROR] LogOutputStream:75 - [STDERR_REDIRECT] 	at java.base/java.net.URI$Parser.parseHierarchical(URI.java:3248)
2025-08-26 09:14:56,110 [ERROR] LogOutputStream:75 - [STDERR_REDIRECT] 	at java.base/java.net.URI$Parser.parse(URI.java:3196)
2025-08-26 09:14:56,114 [ERROR] LogOutputStream:75 - [STDERR_REDIRECT] 	at java.base/java.net.URI.<init>(URI.java:645)
2025-08-26 09:14:56,115 [ERROR] LogOutputStream:75 - [STDERR_REDIRECT] 	at java.base/java.net.URL.toURI(URL.java:1220)
2025-08-26 09:14:56,116 [ERROR] LogOutputStream:75 - [STDERR_REDIRECT] 	at com.st.stm32cube.common.mx.core.CubeMxInstance.getInstance(CubeMxInstance.java:81)
2025-08-26 09:14:56,116 [ERROR] LogOutputStream:75 - [STDERR_REDIRECT] 	at com.st.stm32cube.common.mx.userauth.UserAuthAdapter.<init>(UserAuthAdapter.java:25)
2025-08-26 09:14:56,117 [ERROR] LogOutputStream:75 - [STDERR_REDIRECT] 	at com.st.stm32cube.common.mx.userauth.UserAuthProvider.getUserAuthAdapter(UserAuthProvider.java:16)
2025-08-26 09:14:56,124 [ERROR] LogOutputStream:75 - [STDERR_REDIRECT] 	at com.st.stm32cube.common.ecosystemintegration.ui.core.MCUEcoSystemIntegrationUiHelper.getUserAuth(MCUEcoSystemIntegrationUiHelper.java:100)
2025-08-26 09:14:56,125 [ERROR] LogOutputStream:75 - [STDERR_REDIRECT] 	at com.st.stm32cube.ide.mcu.userauth.UserAuthStartup.earlyStartup(UserAuthStartup.java:32)
2025-08-26 09:14:56,125 [ERROR] LogOutputStream:75 - [STDERR_REDIRECT] 	at org.eclipse.ui.internal.EarlyStartupRunnable.runEarlyStartup(EarlyStartupRunnable.java:79)
2025-08-26 09:14:56,125 [ERROR] LogOutputStream:75 - [STDERR_REDIRECT] 	at org.eclipse.ui.internal.EarlyStartupRunnable.run(EarlyStartupRunnable.java:55)
2025-08-26 09:14:56,126 [ERROR] LogOutputStream:75 - [STDERR_REDIRECT] 	at org.eclipse.core.runtime.SafeRunner.run(SafeRunner.java:47)
2025-08-26 09:14:56,126 [ERROR] LogOutputStream:75 - [STDERR_REDIRECT] 	at org.eclipse.ui.internal.Workbench$39.run(Workbench.java:2733)
2025-08-26 09:14:56,126 [ERROR] LogOutputStream:75 - [STDERR_REDIRECT] 	at org.eclipse.core.internal.jobs.Worker.run(Worker.java:63)
2025-08-26 09:14:57,497 [ERROR] LogOutputStream:75 - [STDERR_REDIRECT] java.net.URISyntaxException: Illegal character in path at index 58: file:/Users/benlilburne/Desktop/ELEC5550-Team0-03/Software Design/.metadata/.log4j2.xml
2025-08-26 09:14:57,498 [ERROR] LogOutputStream:75 - [STDERR_REDIRECT] 	at java.base/java.net.URI$Parser.fail(URI.java:2995)
2025-08-26 09:14:57,498 [ERROR] LogOutputStream:75 - [STDERR_REDIRECT] 	at java.base/java.net.URI$Parser.checkChars(URI.java:3166)
2025-08-26 09:14:57,498 [ERROR] LogOutputStream:75 - [STDERR_REDIRECT] 	at java.base/java.net.URI$Parser.parseHierarchical(URI.java:3248)
2025-08-26 09:14:57,498 [ERROR] LogOutputStream:75 - [STDERR_REDIRECT] 	at java.base/java.net.URI$Parser.parse(URI.java:3196)
2025-08-26 09:14:57,498 [ERROR] LogOutputStream:75 - [STDERR_REDIRECT] 	at java.base/java.net.URI.<init>(URI.java:645)
2025-08-26 09:14:57,499 [ERROR] LogOutputStream:75 - [STDERR_REDIRECT] 	at java.base/java.net.URL.toURI(URL.java:1220)
2025-08-26 09:14:57,499 [ERROR] LogOutputStream:75 - [STDERR_REDIRECT] 	at com.st.stm32cube.common.mx.core.CubeMxInstance.getInstance(CubeMxInstance.java:81)
2025-08-26 09:14:57,499 [ERROR] LogOutputStream:75 - [STDERR_REDIRECT] 	at com.st.stm32cube.common.mx.targetselector.TargetSelectorAdapter.addTargetSelector(TargetSelectorAdapter.java:170)
2025-08-26 09:14:57,499 [ERROR] LogOutputStream:75 - [STDERR_REDIRECT] 	at com.st.stm32cube.common.projectcreation.ui.wizard.TargetSetupFromIocPage.<init>(TargetSetupFromIocPage.java:39)
2025-08-26 09:14:57,499 [ERROR] LogOutputStream:75 - [STDERR_REDIRECT] 	at com.st.stm32cube.common.projectcreation.ui.wizard.STM32ProjectFromIocWizard.getTargetSetupPage(STM32ProjectFromIocWizard.java:36)
2025-08-26 09:14:57,499 [ERROR] LogOutputStream:75 - [STDERR_REDIRECT] 	at com.st.stm32cube.common.projectcreation.ui.wizard.STM32ProjectWizardAbstract.addPages(STM32ProjectWizardAbstract.java:102)
2025-08-26 09:14:57,500 [ERROR] LogOutputStream:75 - [STDERR_REDIRECT] 	at org.eclipse.jface.wizard.WizardDialog.createContents(WizardDialog.java:634)
2025-08-26 09:14:57,500 [ERROR] LogOutputStream:75 - [STDERR_REDIRECT] 	at org.eclipse.jface.window.Window.create(Window.java:431)
2025-08-26 09:14:57,500 [ERROR] LogOutputStream:75 - [STDERR_REDIRECT] 	at org.eclipse.jface.dialogs.Dialog.create(Dialog.java:1092)
2025-08-26 09:14:57,500 [ERROR] LogOutputStream:75 - [STDERR_REDIRECT] 	at org.eclipse.jface.window.Window.open(Window.java:788)
2025-08-26 09:14:57,500 [ERROR] LogOutputStream:75 - [STDERR_REDIRECT] 	at com.st.stm32cube.ide.mcu.informationcenter.WelcomePageAction.run(WelcomePageAction.java:54)
2025-08-26 09:14:57,500 [ERROR] LogOutputStream:75 - [STDERR_REDIRECT] 	at org.eclipse.ui.internal.intro.impl.model.url.IntroURL.runAction(IntroURL.java:272)
2025-08-26 09:14:57,500 [ERROR] LogOutputStream:75 - [STDERR_REDIRECT] 	at org.eclipse.ui.internal.intro.impl.model.url.IntroURL.doExecute(IntroURL.java:187)
2025-08-26 09:14:57,500 [ERROR] LogOutputStream:75 - [STDERR_REDIRECT] 	at org.eclipse.ui.internal.intro.impl.model.url.IntroURL.lambda$0(IntroURL.java:142)
2025-08-26 09:14:57,501 [ERROR] LogOutputStream:75 - [STDERR_REDIRECT] 	at org.eclipse.swt.custom.BusyIndicator.showWhile(BusyIndicator.java:67)
2025-08-26 09:14:57,501 [ERROR] LogOutputStream:75 - [STDERR_REDIRECT] 	at org.eclipse.ui.internal.intro.impl.model.url.IntroURL.execute(IntroURL.java:142)
2025-08-26 09:14:57,502 [ERROR] LogOutputStream:75 - [STDERR_REDIRECT] 	at org.eclipse.ui.internal.intro.impl.presentations.BrowserIntroPartLocationListener.changing(BrowserIntroPartLocationListener.java:130)
2025-08-26 09:14:57,502 [ERROR] LogOutputStream:75 - [STDERR_REDIRECT] 	at org.eclipse.swt.browser.WebKit.webView_decidePolicyForNavigationAction_request_frame_decisionListener(WebKit.java:1498)
2025-08-26 09:14:57,505 [ERROR] LogOutputStream:75 - [STDERR_REDIRECT] 	at org.eclipse.swt.browser.WebKit.browserProc(WebKit.java:418)
2025-08-26 09:14:57,506 [ERROR] LogOutputStream:75 - [STDERR_REDIRECT] 	at org.eclipse.swt.internal.cocoa.OS.objc_msgSendSuper(Native Method)
2025-08-26 09:14:57,506 [ERROR] LogOutputStream:75 - [STDERR_REDIRECT] 	at org.eclipse.swt.widgets.Widget.callSuper(Widget.java:239)
2025-08-26 09:14:57,506 [ERROR] LogOutputStream:75 - [STDERR_REDIRECT] 	at org.eclipse.swt.widgets.Widget.windowSendEvent(Widget.java:2372)
2025-08-26 09:14:57,507 [ERROR] LogOutputStream:75 - [STDERR_REDIRECT] 	at org.eclipse.swt.widgets.Shell.windowSendEvent(Shell.java:2502)
2025-08-26 09:14:57,507 [ERROR] LogOutputStream:75 - [STDERR_REDIRECT] 	at org.eclipse.swt.widgets.Display.windowProc(Display.java:6401)
2025-08-26 09:14:57,507 [ERROR] LogOutputStream:75 - [STDERR_REDIRECT] 	at org.eclipse.swt.internal.cocoa.OS.objc_msgSendSuper(Native Method)
2025-08-26 09:14:57,507 [ERROR] LogOutputStream:75 - [STDERR_REDIRECT] 	at org.eclipse.swt.widgets.Display.applicationSendEvent(Display.java:5705)
2025-08-26 09:14:57,507 [ERROR] LogOutputStream:75 - [STDERR_REDIRECT] 	at org.eclipse.swt.widgets.Display.applicationProc(Display.java:5845)
2025-08-26 09:14:57,508 [ERROR] LogOutputStream:75 - [STDERR_REDIRECT] 	at org.eclipse.swt.internal.cocoa.OS.objc_msgSend(Native Method)
2025-08-26 09:14:57,509 [ERROR] LogOutputStream:75 - [STDERR_REDIRECT] 	at org.eclipse.swt.internal.cocoa.NSApplication.sendEvent(NSApplication.java:117)
2025-08-26 09:14:57,509 [ERROR] LogOutputStream:75 - [STDERR_REDIRECT] 	at org.eclipse.swt.widgets.Display.readAndDispatch(Display.java:4000)
2025-08-26 09:14:57,509 [ERROR] LogOutputStream:75 - [STDERR_REDIRECT] 	at org.eclipse.e4.ui.internal.workbench.swt.PartRenderingEngine$5.run(PartRenderingEngine.java:1151)
2025-08-26 09:14:57,509 [ERROR] LogOutputStream:75 - [STDERR_REDIRECT] 	at org.eclipse.core.databinding.observable.Realm.runWithDefault(Realm.java:339)
2025-08-26 09:14:57,510 [ERROR] LogOutputStream:75 - [STDERR_REDIRECT] 	at org.eclipse.e4.ui.internal.workbench.swt.PartRenderingEngine.run(PartRenderingEngine.java:1042)
2025-08-26 09:14:57,510 [ERROR] LogOutputStream:75 - [STDERR_REDIRECT] 	at org.eclipse.e4.ui.internal.workbench.E4Workbench.createAndRunUI(E4Workbench.java:153)
2025-08-26 09:14:57,510 [ERROR] LogOutputStream:75 - [STDERR_REDIRECT] 	at org.eclipse.ui.internal.Workbench.lambda$3(Workbench.java:639)
2025-08-26 09:14:57,510 [ERROR] LogOutputStream:75 - [STDERR_REDIRECT] 	at org.eclipse.core.databinding.observable.Realm.runWithDefault(Realm.java:339)
2025-08-26 09:14:57,510 [ERROR] LogOutputStream:75 - [STDERR_REDIRECT] 	at org.eclipse.ui.internal.Workbench.createAndRunWorkbench(Workbench.java:546)
2025-08-26 09:14:57,510 [ERROR] LogOutputStream:75 - [STDERR_REDIRECT] 	at org.eclipse.ui.PlatformUI.createAndRunWorkbench(PlatformUI.java:173)
2025-08-26 09:14:57,510 [ERROR] LogOutputStream:75 - [STDERR_REDIRECT] 	at org.eclipse.ui.internal.ide.application.IDEApplication.start(IDEApplication.java:152)
2025-08-26 09:14:57,511 [ERROR] LogOutputStream:75 - [STDERR_REDIRECT] 	at org.eclipse.equinox.internal.app.EclipseAppHandle.run(EclipseAppHandle.java:208)
2025-08-26 09:14:57,513 [ERROR] LogOutputStream:75 - [STDERR_REDIRECT] 	at org.eclipse.core.runtime.internal.adaptor.EclipseAppLauncher.runApplication(EclipseAppLauncher.java:143)
2025-08-26 09:14:57,513 [ERROR] LogOutputStream:75 - [STDERR_REDIRECT] 	at org.eclipse.core.runtime.internal.adaptor.EclipseAppLauncher.start(EclipseAppLauncher.java:109)
2025-08-26 09:14:57,513 [ERROR] LogOutputStream:75 - [STDERR_REDIRECT] 	at org.eclipse.core.runtime.adaptor.EclipseStarter.run(EclipseStarter.java:439)
2025-08-26 09:14:57,513 [ERROR] LogOutputStream:75 - [STDERR_REDIRECT] 	at org.eclipse.core.runtime.adaptor.EclipseStarter.run(EclipseStarter.java:271)
2025-08-26 09:14:57,513 [ERROR] LogOutputStream:75 - [STDERR_REDIRECT] 	at java.base/jdk.internal.reflect.DirectMethodHandleAccessor.invoke(DirectMethodHandleAccessor.java:103)
2025-08-26 09:14:57,514 [ERROR] LogOutputStream:75 - [STDERR_REDIRECT] 	at java.base/java.lang.reflect.Method.invoke(Method.java:580)
2025-08-26 09:14:57,514 [ERROR] LogOutputStream:75 - [STDERR_REDIRECT] 	at org.eclipse.equinox.launcher.Main.invokeFramework(Main.java:668)
2025-08-26 09:14:57,514 [ERROR] LogOutputStream:75 - [STDERR_REDIRECT] 	at org.eclipse.equinox.launcher.Main.basicRun(Main.java:605)
2025-08-26 09:14:57,517 [ERROR] LogOutputStream:75 - [STDERR_REDIRECT] 	at org.eclipse.equinox.launcher.Main.run(Main.java:1481)
2025-08-26 09:16:48,213 [INFO] Activator:176 - 


2025-08-26 09:16:48,215 [INFO] Activator:177 - !SESSION log4j initialized
2025-08-26 09:16:49,139 [ERROR] LogOutputStream:75 - [STDERR_REDIRECT] 
2025-08-26 09:16:51,445 [INFO] LogOutputStream:77 - [STDOUT_REDIRECT] 
2025-08-26 09:16:52,130 [ERROR] LogOutputStream:75 - [STDERR_REDIRECT] java.net.URISyntaxException: Illegal character in path at index 58: file:/Users/benlilburne/Desktop/ELEC5550-Team0-03/Software Design/.metadata/.log4j2.xml
2025-08-26 09:16:52,131 [ERROR] LogOutputStream:75 - [STDERR_REDIRECT] 	at java.base/java.net.URI$Parser.fail(URI.java:2995)
2025-08-26 09:16:52,133 [ERROR] LogOutputStream:75 - [STDERR_REDIRECT] 	at java.base/java.net.URI$Parser.checkChars(URI.java:3166)
2025-08-26 09:16:52,134 [ERROR] LogOutputStream:75 - [STDERR_REDIRECT] 	at java.base/java.net.URI$Parser.parseHierarchical(URI.java:3248)
2025-08-26 09:16:52,135 [ERROR] LogOutputStream:75 - [STDERR_REDIRECT] 	at java.base/java.net.URI$Parser.parse(URI.java:3196)
2025-08-26 09:16:52,137 [ERROR] LogOutputStream:75 - [STDERR_REDIRECT] 	at java.base/java.net.URI.<init>(URI.java:645)
2025-08-26 09:16:52,139 [ERROR] LogOutputStream:75 - [STDERR_REDIRECT] 	at java.base/java.net.URL.toURI(URL.java:1220)
2025-08-26 09:16:52,141 [ERROR] LogOutputStream:75 - [STDERR_REDIRECT] 	at com.st.stm32cube.common.mx.core.CubeMxInstance.getInstance(CubeMxInstance.java:81)
2025-08-26 09:16:52,141 [ERROR] LogOutputStream:75 - [STDERR_REDIRECT] 	at com.st.stm32cube.common.mx.userauth.UserAuthAdapter.<init>(UserAuthAdapter.java:25)
2025-08-26 09:16:52,141 [ERROR] LogOutputStream:75 - [STDERR_REDIRECT] 	at com.st.stm32cube.common.mx.userauth.UserAuthProvider.getUserAuthAdapter(UserAuthProvider.java:16)
2025-08-26 09:16:52,142 [ERROR] LogOutputStream:75 - [STDERR_REDIRECT] 	at com.st.stm32cube.common.ecosystemintegration.ui.core.MCUEcoSystemIntegrationUiHelper.getUserAuth(MCUEcoSystemIntegrationUiHelper.java:100)
2025-08-26 09:16:52,142 [ERROR] LogOutputStream:75 - [STDERR_REDIRECT] 	at com.st.stm32cube.ide.mcu.userauth.UserAuthStartup.earlyStartup(UserAuthStartup.java:32)
2025-08-26 09:16:52,142 [ERROR] LogOutputStream:75 - [STDERR_REDIRECT] 	at org.eclipse.ui.internal.EarlyStartupRunnable.runEarlyStartup(EarlyStartupRunnable.java:79)
2025-08-26 09:16:52,143 [ERROR] LogOutputStream:75 - [STDERR_REDIRECT] 	at org.eclipse.ui.internal.EarlyStartupRunnable.run(EarlyStartupRunnable.java:55)
2025-08-26 09:16:52,143 [ERROR] LogOutputStream:75 - [STDERR_REDIRECT] 	at org.eclipse.core.runtime.SafeRunner.run(SafeRunner.java:47)
2025-08-26 09:16:52,143 [ERROR] LogOutputStream:75 - [STDERR_REDIRECT] 	at org.eclipse.ui.internal.Workbench$39.run(Workbench.java:2733)
2025-08-26 09:16:52,143 [ERROR] LogOutputStream:75 - [STDERR_REDIRECT] 	at org.eclipse.core.internal.jobs.Worker.run(Worker.java:63)
2025-08-26 09:33:48,158 [INFO] Activator:176 - 


2025-08-26 09:33:48,160 [INFO] Activator:177 - !SESSION log4j initialized
2025-08-26 09:33:49,487 [INFO] LogOutputStream:77 - [STDOUT_REDIRECT] 
2025-08-26 09:33:50,555 [ERROR] LogOutputStream:75 - [STDERR_REDIRECT] 
2025-08-26 09:33:52,499 [INFO] LogOutputStream:77 - [STDOUT_REDIRECT] 
2025-08-26 09:33:53,020 [ERROR] LogOutputStream:75 - [STDERR_REDIRECT] java.net.URISyntaxException: Illegal character in path at index 58: file:/Users/benlilburne/Desktop/ELEC5550-Team0-03/Software Design/.metadata/.log4j2.xml
2025-08-26 09:33:53,023 [ERROR] LogOutputStream:75 - [STDERR_REDIRECT] 	at java.base/java.net.URI$Parser.fail(URI.java:2995)
2025-08-26 09:33:53,024 [ERROR] LogOutputStream:75 - [STDERR_REDIRECT] 	at java.base/java.net.URI$Parser.checkChars(URI.java:3166)
2025-08-26 09:33:53,025 [ERROR] LogOutputStream:75 - [STDERR_REDIRECT] 	at java.base/java.net.URI$Parser.parseHierarchical(URI.java:3248)
2025-08-26 09:33:53,026 [ERROR] LogOutputStream:75 - [STDERR_REDIRECT] 	at java.base/java.net.URI$Parser.parse(URI.java:3196)
2025-08-26 09:33:53,030 [ERROR] LogOutputStream:75 - [STDERR_REDIRECT] 	at java.base/java.net.URI.<init>(URI.java:645)
2025-08-26 09:33:53,030 [ERROR] LogOutputStream:75 - [STDERR_REDIRECT] 	at java.base/java.net.URL.toURI(URL.java:1220)
2025-08-26 09:33:53,031 [ERROR] LogOutputStream:75 - [STDERR_REDIRECT] 	at com.st.stm32cube.common.mx.core.CubeMxInstance.getInstance(CubeMxInstance.java:81)
2025-08-26 09:33:53,031 [ERROR] LogOutputStream:75 - [STDERR_REDIRECT] 	at com.st.stm32cube.common.mx.userauth.UserAuthAdapter.<init>(UserAuthAdapter.java:25)
2025-08-26 09:33:53,031 [ERROR] LogOutputStream:75 - [STDERR_REDIRECT] 	at com.st.stm32cube.common.mx.userauth.UserAuthProvider.getUserAuthAdapter(UserAuthProvider.java:16)
2025-08-26 09:33:53,031 [ERROR] LogOutputStream:75 - [STDERR_REDIRECT] 	at com.st.stm32cube.common.ecosystemintegration.ui.core.MCUEcoSystemIntegrationUiHelper.getUserAuth(MCUEcoSystemIntegrationUiHelper.java:100)
2025-08-26 09:33:53,031 [ERROR] LogOutputStream:75 - [STDERR_REDIRECT] 	at com.st.stm32cube.ide.mcu.userauth.UserAuthStartup.earlyStartup(UserAuthStartup.java:32)
2025-08-26 09:33:53,031 [ERROR] LogOutputStream:75 - [STDERR_REDIRECT] 	at org.eclipse.ui.internal.EarlyStartupRunnable.runEarlyStartup(EarlyStartupRunnable.java:79)
2025-08-26 09:33:53,032 [ERROR] LogOutputStream:75 - [STDERR_REDIRECT] 	at org.eclipse.ui.internal.EarlyStartupRunnable.run(EarlyStartupRunnable.java:55)
2025-08-26 09:33:53,032 [ERROR] LogOutputStream:75 - [STDERR_REDIRECT] 	at org.eclipse.core.runtime.SafeRunner.run(SafeRunner.java:47)
2025-08-26 09:33:53,032 [ERROR] LogOutputStream:75 - [STDERR_REDIRECT] 	at org.eclipse.ui.internal.Workbench$39.run(Workbench.java:2733)
2025-08-26 09:33:53,032 [ERROR] LogOutputStream:75 - [STDERR_REDIRECT] 	at org.eclipse.core.internal.jobs.Worker.run(Worker.java:63)
2025-08-26 09:33:54,582 [INFO] ApplicationProperties:184 - Using Application install path: /Applications/STM32CubeIDE.app/Contents/Eclipse/plugins/com.st.stm32cube.common.mx_6.15.0.202507011659
2025-08-26 09:33:54,599 [INFO] DbMcusXml:78 - Set database path to: /Applications/STM32CubeIDE.app/Contents/Eclipse/plugins/com.st.stm32cube.common.mx_6.15.0.202507011659//db//mcu/
2025-08-26 09:33:54,600 [INFO] ApiDb:274 - Set plugin database path to: /Applications/STM32CubeIDE.app/Contents/Eclipse/plugins/com.st.stm32cube.common.mx_6.15.0.202507011659//db//plugins/boardmanager/
2025-08-26 09:33:54,601 [WARN] ApiDb:259 - Overriding images path with different value:  => /Applications/STM32CubeIDE.app/Contents/Eclipse/plugins/com.st.stm32cube.common.mx_6.15.0.202507011659//db//plugins/mcufinder/images/
2025-08-26 09:33:54,608 [INFO] ApiDb:250 - Set database path to: /Users/benlilburne/.stmcufinder/plugins/mcufinder//mcu/
2025-08-26 09:33:54,609 [INFO] DbMcusAds:125 - Set database path to: /Users/benlilburne/.stmcufinder/plugins/mcufinder//mcu/
2025-08-26 09:33:54,611 [INFO] CrossReferenceDbSqlite:203 - Set database path to: /Users/benlilburne/.stmcufinder/plugins/mcufinder//mcu/cs/
2025-08-26 09:33:54,772 [INFO] RulesReader:64 - Compatibility file has been processed (317 Rules)
2025-08-26 09:33:54,840 [INFO] DbMcusXml:78 - Set database path to: /Applications/STM32CubeIDE.app/Contents/Eclipse/plugins/com.st.stm32cube.common.mx_6.15.0.202507011659//db//mcu/
2025-08-26 09:33:54,841 [INFO] ApiDb:274 - Set plugin database path to: /Applications/STM32CubeIDE.app/Contents/Eclipse/plugins/com.st.stm32cube.common.mx_6.15.0.202507011659//db//plugins/boardmanager/
2025-08-26 09:33:54,841 [INFO] ApiDb:261 - Set plugin images path to: /Applications/STM32CubeIDE.app/Contents/Eclipse/plugins/com.st.stm32cube.common.mx_6.15.0.202507011659//db//plugins/mcufinder/images/
2025-08-26 09:33:54,842 [WARN] DbFile:41 - Overriding database path with different value: /Users/benlilburne/.stmcufinder/plugins/mcufinder/ => /Users/benlilburne/.stmcufinder/plugins/mcufinder
2025-08-26 09:33:54,842 [INFO] ApiDb:250 - Set database path to: /Users/benlilburne/.stmcufinder/plugins/mcufinder//mcu/
2025-08-26 09:33:54,842 [WARN] DbFile:41 - Overriding database path with different value: /Users/benlilburne/.stmcufinder/plugins/mcufinder/ => /Users/benlilburne/.stmcufinder/plugins/mcufinder
2025-08-26 09:33:54,842 [INFO] DbMcusAds:125 - Set database path to: /Users/benlilburne/.stmcufinder/plugins/mcufinder//mcu/
2025-08-26 09:33:54,843 [WARN] DbFile:41 - Overriding database path with different value: /Users/benlilburne/.stmcufinder/plugins/mcufinder/ => /Users/benlilburne/.stmcufinder/plugins/mcufinder
2025-08-26 09:33:54,843 [WARN] DbFile:41 - Overriding database path with different value: /Users/benlilburne/.stmcufinder/plugins/mcufinder/ => /Users/benlilburne/.stmcufinder/plugins/mcufinder
2025-08-26 09:33:54,843 [INFO] CrossReferenceDbSqlite:203 - Set database path to: /Users/benlilburne/.stmcufinder/plugins/mcufinder//mcu/cs/
2025-08-26 09:33:54,929 [INFO] MainPanel:274 - HeapMemory: 268435456
2025-08-26 09:33:55,472 [INFO] DbMcusXml:78 - Set database path to: /Applications/STM32CubeIDE.app/Contents/Eclipse/plugins/com.st.stm32cube.common.mx_6.15.0.202507011659//db//mcu/
2025-08-26 09:33:55,472 [INFO] ApiDb:274 - Set plugin database path to: /Applications/STM32CubeIDE.app/Contents/Eclipse/plugins/com.st.stm32cube.common.mx_6.15.0.202507011659//db//plugins/boardmanager/
2025-08-26 09:33:55,472 [INFO] ApiDb:261 - Set plugin images path to: /Applications/STM32CubeIDE.app/Contents/Eclipse/plugins/com.st.stm32cube.common.mx_6.15.0.202507011659//db//plugins/mcufinder/images/
2025-08-26 09:33:55,473 [WARN] DbFile:41 - Overriding database path with different value: /Users/benlilburne/.stmcufinder/plugins/mcufinder/ => /Users/benlilburne/.stmcufinder/plugins/mcufinder
2025-08-26 09:33:55,473 [INFO] ApiDb:250 - Set database path to: /Users/benlilburne/.stmcufinder/plugins/mcufinder//mcu/
2025-08-26 09:33:55,473 [WARN] DbFile:41 - Overriding database path with different value: /Users/benlilburne/.stmcufinder/plugins/mcufinder/ => /Users/benlilburne/.stmcufinder/plugins/mcufinder
2025-08-26 09:33:55,473 [INFO] DbMcusAds:125 - Set database path to: /Users/benlilburne/.stmcufinder/plugins/mcufinder//mcu/
2025-08-26 09:33:55,473 [WARN] DbFile:41 - Overriding database path with different value: /Users/benlilburne/.stmcufinder/plugins/mcufinder/ => /Users/benlilburne/.stmcufinder/plugins/mcufinder
2025-08-26 09:33:55,473 [WARN] DbFile:41 - Overriding database path with different value: /Users/benlilburne/.stmcufinder/plugins/mcufinder/ => /Users/benlilburne/.stmcufinder/plugins/mcufinder
2025-08-26 09:33:55,474 [INFO] CrossReferenceDbSqlite:203 - Set database path to: /Users/benlilburne/.stmcufinder/plugins/mcufinder//mcu/cs/
2025-08-26 09:33:55,493 [INFO] ApplicationProperties:184 - Using Application install path: /Applications/STM32CubeIDE.app/Contents/Eclipse/plugins/com.st.stm32cube.common.mx_6.15.0.202507011659
2025-08-26 09:33:55,495 [INFO] PluginManage:196 - Search for loadable plugins [exclusion list=, ]
2025-08-26 09:33:55,496 [INFO] PluginManage:310 - Check plugin analytics
2025-08-26 09:33:55,751 [INFO] AnalyticsPlugin:253 - Accepted Software Licenses: 
2025-08-26 09:33:55,751 [INFO] AnalyticsPlugin:255 - Accepted CMSIS Pack Licenses: 
2025-08-26 09:33:55,752 [INFO] AnalyticsPlugin:257 - Accepted Firmware Licenses: FW.F4.1.28.0
2025-08-26 09:33:55,773 [INFO] PluginManage:359 - Loaded plugin analytics (category:tool,tabindex:-1)
2025-08-26 09:33:55,774 [INFO] PluginManage:310 - Check plugin cadmodel
2025-08-26 09:33:55,787 [INFO] CADModel:105 - Init CAD model plugin
2025-08-26 09:33:55,787 [INFO] PluginManage:359 - Loaded plugin cadmodel (category:power,tabindex:5)
2025-08-26 09:33:55,787 [INFO] PluginManage:310 - Check plugin clock
2025-08-26 09:33:55,799 [INFO] PluginManage:359 - Loaded plugin clock (category:base,tabindex:2)
2025-08-26 09:33:55,799 [INFO] PluginManage:310 - Check plugin ddr
2025-08-26 09:33:55,801 [INFO] PluginManage:359 - Loaded plugin ddr (category:tool,tabindex:6)
2025-08-26 09:33:55,801 [INFO] PluginManage:310 - Check plugin filemanager
2025-08-26 09:33:55,989 [INFO] PluginManage:359 - Loaded plugin filemanager (category:base,tabindex:10)
2025-08-26 09:33:55,989 [INFO] PluginManage:310 - Check plugin ipmanager
2025-08-26 09:33:55,999 [INFO] PluginManage:359 - Loaded plugin ipmanager (category:base,tabindex:5)
2025-08-26 09:33:56,000 [INFO] PluginManage:310 - Check plugin lpbam
2025-08-26 09:33:56,011 [INFO] PluginManage:359 - Loaded plugin lpbam (category:base,tabindex:0)
2025-08-26 09:33:56,012 [INFO] PluginManage:310 - Check plugin memorymap
2025-08-26 09:33:56,025 [INFO] PluginManage:359 - Loaded plugin memorymap (category:base,tabindex:4)
2025-08-26 09:33:56,025 [INFO] PluginManage:310 - Check plugin pinoutandconfiguration
2025-08-26 09:33:56,034 [INFO] PluginManage:359 - Loaded plugin pinoutandconfiguration (category:base,tabindex:1)
2025-08-26 09:33:56,034 [INFO] PluginManage:310 - Check plugin pinoutconfig
2025-08-26 09:33:56,323 [WARN] SupportedApi:132 - Cannot load RTOS API schema: s4s-elt-must-match.1: The content of 'definitions' must match (annotation?, (simpleType | complexType)?, (unique | key | keyref)*)). A problem was found starting at: attribute.
2025-08-26 09:33:56,682 [INFO] PluginManage:359 - Loaded plugin pinoutconfig (category:base,tabindex:0)
2025-08-26 09:33:56,684 [INFO] PluginManage:310 - Check plugin power
2025-08-26 09:33:56,732 [INFO] PluginManage:359 - Loaded plugin power (category:power,tabindex:4)
2025-08-26 09:33:56,734 [INFO] PluginManage:310 - Check plugin projectmanager
2025-08-26 09:33:56,804 [INFO] PluginManage:359 - Loaded plugin projectmanager (category:projectmanager,tabindex:4)
2025-08-26 09:33:56,804 [INFO] PluginManage:310 - Check plugin rif
2025-08-26 09:33:56,815 [INFO] PluginManage:359 - Loaded plugin rif (category:base,tabindex:3)
2025-08-26 09:33:56,816 [INFO] PluginManage:310 - Check plugin thirdparty
2025-08-26 09:33:57,036 [INFO] PluginManage:359 - Loaded plugin thirdparty (category:base,tabindex:-1)
2025-08-26 09:33:57,038 [INFO] PluginManage:310 - Check plugin tools
2025-08-26 09:33:57,036 [WARN] IntegrityCheckThread:84 - waiting for thirdparty lock release [integrity check]
2025-08-26 09:33:57,042 [INFO] IntegrityCheckThread:86 - entering critical section [integrity check]
2025-08-26 09:33:57,042 [INFO] ThirdPartyUpdaterWithRetryManager:70 - Updater plugin not ready yet. [1/15]
2025-08-26 09:33:57,042 [INFO] PluginManage:359 - Loaded plugin tools (category:base,tabindex:7)
2025-08-26 09:33:57,043 [INFO] PluginManage:310 - Check plugin tutovideos
2025-08-26 09:33:57,223 [INFO] PluginManage:359 - Loaded plugin tutovideos (category:base,tabindex:-1)
2025-08-26 09:33:57,224 [INFO] PluginManage:310 - Check plugin updater
2025-08-26 09:33:57,254 [INFO] PluginManage:359 - Loaded plugin updater (category:base,tabindex:12)
2025-08-26 09:33:57,255 [INFO] PluginManage:310 - Check plugin userauth
2025-08-26 09:33:57,261 [INFO] UserAuth:118 - Init User Auth plugin
2025-08-26 09:33:57,263 [INFO] PluginManage:359 - Loaded plugin userauth (category:base,tabindex:14)
2025-08-26 09:33:57,264 [INFO] PluginManage:283 - PluginManage : Loaded plugins [18]
2025-08-26 09:33:57,535 [INFO] PinOutPanel:1589 - setPackage(No Configuration,No Configuration)
2025-08-26 09:33:57,640 [INFO] CADModel:165 - CPN selected for project level
2025-08-26 09:33:57,640 [INFO] CADModel:114 - Register for checkConnection events
2025-08-26 09:33:57,654 [INFO] IPUIPlugin:80 - create IPUIPlugin
2025-08-26 09:33:57,654 [INFO] PluginManager:220 - loadIPPluginJar : add mdma
2025-08-26 09:33:57,660 [INFO] IPUIPlugin:80 - create IPUIPlugin
2025-08-26 09:33:57,660 [INFO] PluginManager:220 - loadIPPluginJar : add freertos
2025-08-26 09:33:57,664 [INFO] IPUIPlugin:80 - create IPUIPlugin
2025-08-26 09:33:57,665 [INFO] PluginManager:220 - loadIPPluginJar : add gic
2025-08-26 09:33:57,672 [INFO] IPUIPlugin:80 - create IPUIPlugin
2025-08-26 09:33:57,673 [INFO] PluginManager:220 - loadIPPluginJar : add adc
2025-08-26 09:33:57,675 [INFO] IPUIPlugin:80 - create IPUIPlugin
2025-08-26 09:33:57,675 [INFO] PluginManager:220 - loadIPPluginJar : add gtzc
2025-08-26 09:33:57,677 [INFO] IPUIPlugin:80 - create IPUIPlugin
2025-08-26 09:33:57,677 [INFO] PluginManager:220 - loadIPPluginJar : add quadspi
2025-08-26 09:33:57,679 [INFO] IPUIPlugin:80 - create IPUIPlugin
2025-08-26 09:33:57,679 [INFO] PluginManager:220 - loadIPPluginJar : add aes
2025-08-26 09:33:57,681 [INFO] IPUIPlugin:80 - create IPUIPlugin
2025-08-26 09:33:57,681 [INFO] PluginManager:220 - loadIPPluginJar : add pdm2pcm
2025-08-26 09:33:57,682 [INFO] IPUIPlugin:80 - create IPUIPlugin
2025-08-26 09:33:57,683 [INFO] PluginManager:220 - loadIPPluginJar : add hash
2025-08-26 09:33:57,684 [INFO] IPUIPlugin:80 - create IPUIPlugin
2025-08-26 09:33:57,684 [INFO] PluginManager:220 - loadIPPluginJar : add tim
2025-08-26 09:33:57,685 [INFO] IPUIPlugin:80 - create IPUIPlugin
2025-08-26 09:33:57,685 [INFO] PluginManager:220 - loadIPPluginJar : add tsc
2025-08-26 09:33:57,687 [INFO] IPUIPlugin:80 - create IPUIPlugin
2025-08-26 09:33:57,688 [INFO] PluginManager:220 - loadIPPluginJar : add extmemmanager
2025-08-26 09:33:57,689 [INFO] IPUIPlugin:80 - create IPUIPlugin
2025-08-26 09:33:57,691 [INFO] PluginManager:220 - loadIPPluginJar : add ts
2025-08-26 09:33:57,692 [INFO] IPUIPlugin:80 - create IPUIPlugin
2025-08-26 09:33:57,693 [INFO] PluginManager:220 - loadIPPluginJar : add radio
2025-08-26 09:33:57,695 [INFO] IPUIPlugin:80 - create IPUIPlugin
2025-08-26 09:33:57,695 [INFO] PluginManager:220 - loadIPPluginJar : add can
2025-08-26 09:33:57,696 [INFO] IPUIPlugin:80 - create IPUIPlugin
2025-08-26 09:33:57,696 [INFO] PluginManager:220 - loadIPPluginJar : add dma3
2025-08-26 09:33:57,698 [INFO] IPUIPlugin:80 - create IPUIPlugin
2025-08-26 09:33:57,698 [INFO] PluginManager:220 - loadIPPluginJar : add dfsdm
2025-08-26 09:33:57,700 [INFO] IPUIPlugin:80 - create IPUIPlugin
2025-08-26 09:33:57,700 [INFO] PluginManager:220 - loadIPPluginJar : add spi
2025-08-26 09:33:57,702 [INFO] IPUIPlugin:80 - create IPUIPlugin
2025-08-26 09:33:57,702 [INFO] PluginManager:220 - loadIPPluginJar : add gfxmmu
2025-08-26 09:33:57,703 [INFO] IPUIPlugin:80 - create IPUIPlugin
2025-08-26 09:33:57,703 [INFO] PluginManager:220 - loadIPPluginJar : add genericplugin
2025-08-26 09:33:57,705 [INFO] IPUIPlugin:80 - create IPUIPlugin
2025-08-26 09:33:57,705 [INFO] PluginManager:220 - loadIPPluginJar : add cryp
2025-08-26 09:33:57,708 [INFO] IPUIPlugin:80 - create IPUIPlugin
2025-08-26 09:33:57,709 [INFO] PluginManager:220 - loadIPPluginJar : add gpio
2025-08-26 09:33:57,711 [INFO] IPUIPlugin:80 - create IPUIPlugin
2025-08-26 09:33:57,711 [INFO] PluginManager:220 - loadIPPluginJar : add ddr_ctrl_phy
2025-08-26 09:33:57,712 [INFO] IPUIPlugin:80 - create IPUIPlugin
2025-08-26 09:33:57,712 [INFO] PluginManager:220 - loadIPPluginJar : add comp
2025-08-26 09:33:57,714 [INFO] IPUIPlugin:80 - create IPUIPlugin
2025-08-26 09:33:57,715 [INFO] PluginManager:220 - loadIPPluginJar : add tracer_emb
2025-08-26 09:33:57,717 [INFO] IPUIPlugin:80 - create IPUIPlugin
2025-08-26 09:33:57,717 [INFO] PluginManager:220 - loadIPPluginJar : add openamp
2025-08-26 09:33:57,721 [INFO] IPUIPlugin:80 - create IPUIPlugin
2025-08-26 09:33:57,721 [INFO] PluginManager:220 - loadIPPluginJar : add stm32_wpan
2025-08-26 09:33:57,726 [INFO] IPUIPlugin:80 - create IPUIPlugin
2025-08-26 09:33:57,728 [INFO] PluginManager:220 - loadIPPluginJar : add plateformsettings
2025-08-26 09:33:57,730 [INFO] IPUIPlugin:80 - create IPUIPlugin
2025-08-26 09:33:57,730 [INFO] PluginManager:220 - loadIPPluginJar : add ipddr
2025-08-26 09:33:57,732 [INFO] IPUIPlugin:80 - create IPUIPlugin
2025-08-26 09:33:57,733 [INFO] PluginManager:220 - loadIPPluginJar : add usart
2025-08-26 09:33:57,734 [INFO] IPUIPlugin:80 - create IPUIPlugin
2025-08-26 09:33:57,734 [INFO] PluginManager:220 - loadIPPluginJar : add ltdc
2025-08-26 09:33:57,738 [INFO] IPUIPlugin:80 - create IPUIPlugin
2025-08-26 09:33:57,738 [INFO] PluginManager:220 - loadIPPluginJar : add nvic
2025-08-26 09:33:57,739 [INFO] IPUIPlugin:80 - create IPUIPlugin
2025-08-26 09:33:57,739 [INFO] PluginManager:220 - loadIPPluginJar : add fatfs
2025-08-26 09:33:57,744 [INFO] IPUIPlugin:80 - create IPUIPlugin
2025-08-26 09:33:57,745 [INFO] PluginManager:220 - loadIPPluginJar : add linkedlist
2025-08-26 09:33:57,750 [INFO] IPUIPlugin:80 - create IPUIPlugin
2025-08-26 09:33:57,751 [INFO] PluginManager:220 - loadIPPluginJar : add dma
2025-08-26 09:33:57,754 [INFO] IPUIPlugin:80 - create IPUIPlugin
2025-08-26 09:33:57,755 [INFO] PluginManager:220 - loadIPPluginJar : add fmc
2025-08-26 09:33:57,757 [INFO] IPUIPlugin:80 - create IPUIPlugin
2025-08-26 09:33:57,757 [INFO] PluginManager:220 - loadIPPluginJar : add i2s
2025-08-26 09:33:57,758 [INFO] IPUIPlugin:80 - create IPUIPlugin
2025-08-26 09:33:57,758 [INFO] PluginManager:220 - loadIPPluginJar : add ucpd
2025-08-26 09:33:57,760 [INFO] IPUIPlugin:80 - create IPUIPlugin
2025-08-26 09:33:57,760 [INFO] PluginManager:220 - loadIPPluginJar : add lorawan
2025-08-26 09:33:57,761 [INFO] IPUIPlugin:80 - create IPUIPlugin
2025-08-26 09:33:57,762 [INFO] PluginManager:220 - loadIPPluginJar : add opamp
2025-08-26 09:33:57,763 [INFO] IPUIPlugin:80 - create IPUIPlugin
2025-08-26 09:33:57,763 [INFO] PluginManager:220 - loadIPPluginJar : add i3c
2025-08-26 09:33:57,765 [INFO] IPUIPlugin:80 - create IPUIPlugin
2025-08-26 09:33:57,766 [INFO] PluginManager:220 - loadIPPluginJar : add touchsensing
2025-08-26 09:33:57,767 [INFO] IPUIPlugin:80 - create IPUIPlugin
2025-08-26 09:33:57,767 [INFO] PluginManager:220 - loadIPPluginJar : add i2c
2025-08-26 09:33:57,771 [INFO] IPUIPlugin:80 - create IPUIPlugin
2025-08-26 09:33:57,771 [INFO] PluginManager:220 - loadIPPluginJar : add resmgrutility
2025-08-26 09:33:57,773 [INFO] IPUIPlugin:80 - create IPUIPlugin
2025-08-26 09:33:57,773 [INFO] PluginManager:220 - loadIPPluginJar : add sai
2025-08-26 09:33:57,776 [INFO] IPUIPlugin:80 - create IPUIPlugin
2025-08-26 09:33:57,776 [INFO] PluginManager:220 - loadIPPluginJar : add usbx
2025-08-26 09:33:57,899 [FATAL] Updater:351 - Updater called before beeing initialized
2025-08-26 09:33:57,956 [INFO] RulesReader:64 - Compatibility file has been processed (317 Rules)
2025-08-26 09:33:57,980 [INFO] RulesReader:64 - Compatibility file has been processed (317 Rules)
2025-08-26 09:33:57,988 [INFO] CADModel:165 - CPN selected for project level
2025-08-26 09:33:57,988 [INFO] CADModel:114 - Register for checkConnection events
2025-08-26 09:33:57,988 [FATAL] Updater:351 - Updater called before beeing initialized
2025-08-26 09:33:57,988 [ERROR] CADModel:125 - Updater not yet initialized, retry later 
2025-08-26 09:33:58,234 [FATAL] Updater:351 - Updater called before beeing initialized
2025-08-26 09:33:58,236 [INFO] CADModel:165 - CPN selected for project level
2025-08-26 09:33:58,236 [INFO] CADModel:114 - Register for checkConnection events
2025-08-26 09:33:58,237 [FATAL] Updater:351 - Updater called before beeing initialized
2025-08-26 09:33:58,237 [ERROR] CADModel:125 - Updater not yet initialized, retry later 
2025-08-26 09:33:58,240 [FATAL] Updater:351 - Updater called before beeing initialized
2025-08-26 09:33:58,414 [FATAL] Updater:351 - Updater called before beeing initialized
2025-08-26 09:33:58,419 [INFO] DbMcusAds:53 - JSON generation date=Tue Jul 08 16:14:23 AWST 2025 (1751962463582)
2025-08-26 09:33:58,419 [FATAL] Updater:351 - Updater called before beeing initialized
2025-08-26 09:33:58,483 [WARN] DetailPanel:346 - Failed to get advertising image, set to default
2025-08-26 09:33:58,571 [FATAL] Updater:351 - Updater called before beeing initialized
2025-08-26 09:33:58,572 [FATAL] Updater:351 - Updater called before beeing initialized
2025-08-26 09:33:58,572 [FATAL] Updater:351 - Updater called before beeing initialized
2025-08-26 09:33:58,572 [WARN] DetailPanel:346 - Failed to get advertising image, set to default
2025-08-26 09:33:58,574 [FATAL] Updater:351 - Updater called before beeing initialized
2025-08-26 09:33:58,645 [ERROR] Updater:1198 - MainUpdater not yet initialized. External WinMGr cannot be set.
2025-08-26 09:33:58,656 [INFO] Updater:1134 - Updater Version found : 6.15.0
2025-08-26 09:33:58,670 [INFO] ApplicationProperties:184 - Using Application install path: /Applications/STM32CubeIDE.app/Contents/Eclipse/plugins/com.st.stm32cube.common.mx_6.15.0.202507011659
2025-08-26 09:33:59,026 [INFO] MainUpdater:2872 - connection check result : 10
2025-08-26 09:33:59,027 [INFO] MainUpdater:289 - Updater Check For Update Now.
2025-08-26 09:33:59,027 [INFO] MicroXplorer:498 - Change Database Version : DB.6.0.150
2025-08-26 09:33:59,036 [INFO] McuFinderGlobals:63 - Set McuFinder mode to 2 (CubeIDE integrated)
2025-08-26 09:33:59,036 [INFO] UserAuth:171 - activating auth plugin
2025-08-26 09:33:59,057 [INFO] UserAuth:487 - Internet connection configuration mode: 1
2025-08-26 09:33:59,074 [INFO] JxBrowserEngine:152 - Initiate JxBrowser Engine with user profile folder
2025-08-26 09:33:59,331 [INFO] CheckServerUpdateThread:120 - End of CheckServer Thread
2025-08-26 09:34:00,258 [WARN] PackLoader:240 - Cannot read IP mode file for STMicroelectronics.FP-SNS-MOTENVWB1.1.4.0
2025-08-26 09:34:00,288 [WARN] PackLoader:240 - Cannot read IP mode file for STMicroelectronics.FP-ATR-ASTRA1.2.0.2
2025-08-26 09:34:00,308 [WARN] PackLoader:240 - Cannot read IP mode file for STMicroelectronics.X-CUBE-SMBUS.2.1.0
2025-08-26 09:34:00,321 [WARN] PackLoader:240 - Cannot read IP mode file for STMicroelectronics.X-CUBE-ST60.1.0.0
2025-08-26 09:34:00,401 [WARN] PackLoader:240 - Cannot read IP mode file for STMicroelectronics.X-CUBE-AZRTOS-F7.1.1.0
2025-08-26 09:34:00,522 [WARN] PackLoader:240 - Cannot read IP mode file for Infineon.AIROC-Wi-Fi-Bluetooth-STM32.1.7.1
2025-08-26 09:34:00,617 [WARN] PackLoader:240 - Cannot read IP mode file for STMicroelectronics.X-CUBE-AZRTOS-H7.3.4.0
2025-08-26 09:34:00,661 [WARN] PackLoader:240 - Cannot read IP mode file for STMicroelectronics.X-CUBE-DISPLAY.3.0.0
2025-08-26 09:34:00,704 [WARN] PackLoader:240 - Cannot read IP mode file for STMicroelectronics.X-CUBE-NFC10.1.0.0
2025-08-26 09:34:00,732 [WARN] PackLoader:240 - Cannot read IP mode file for emotas.I-CUBE-CANOPEN.1.3.0
2025-08-26 09:34:00,747 [WARN] PackLoader:240 - Cannot read IP mode file for STMicroelectronics.FP-SNS-STBOX1.2.1.0
2025-08-26 09:34:00,756 [WARN] PackLoader:240 - Cannot read IP mode file for STMicroelectronics.FP-SNS-SMARTAG2.1.2.0
2025-08-26 09:34:00,764 [WARN] PackLoader:240 - Cannot read IP mode file for STMicroelectronics.FP-SNS-FLIGHT1.5.1.0
2025-08-26 09:34:00,819 [INFO] LogOutputStream:77 - [STDOUT_REDIRECT] 1 : Invalid condition id : UX_CORESTACK_Condition cause : null
2025-08-26 09:34:00,824 [INFO] LogOutputStream:77 - [STDOUT_REDIRECT] 1 : Invalid condition id : UX_CORESTACK_Condition cause : null
2025-08-26 09:34:00,824 [INFO] LogOutputStream:77 - [STDOUT_REDIRECT] 1 : Invalid condition id : UX_CORESTACK_Condition cause : null
2025-08-26 09:34:00,824 [INFO] LogOutputStream:77 - [STDOUT_REDIRECT] 1 : Invalid condition id : UX_CORESTACK_Condition cause : null
2025-08-26 09:34:00,824 [INFO] LogOutputStream:77 - [STDOUT_REDIRECT] 1 : Invalid condition id : UX_CORESTACK_Condition cause : null
2025-08-26 09:34:00,832 [WARN] PackLoader:240 - Cannot read IP mode file for STMicroelectronics.X-CUBE-AZRTOS-WL.2.0.0
2025-08-26 09:34:00,838 [WARN] PackLoader:240 - Cannot read IP mode file for STMicroelectronics.FP-SNS-MOTENV1.5.0.0
2025-08-26 09:34:00,853 [WARN] PackLoader:240 - Cannot read IP mode file for WES.I-CUBE-Cesium.1.3.0
2025-08-26 09:34:00,864 [WARN] PackLoader:240 - Cannot read IP mode file for STMicroelectronics.X-CUBE-BLE2.3.3.0
2025-08-26 09:34:00,880 [WARN] PackLoader:240 - Cannot read IP mode file for STMicroelectronics.X-CUBE-NFC9.1.0.0
2025-08-26 09:34:00,895 [WARN] PackLoader:240 - Cannot read IP mode file for wolfSSL.I-CUBE-wolfSSL.5.8.2
2025-08-26 09:34:00,908 [WARN] PackLoader:240 - Cannot read IP mode file for STMicroelectronics.X-CUBE-BLE1.7.1.0
2025-08-26 09:34:00,919 [WARN] PackLoader:240 - Cannot read IP mode file for wolfSSL.I-CUBE-wolfMQTT.1.19.2
2025-08-26 09:34:00,926 [WARN] PackLoader:240 - Cannot read IP mode file for STMicroelectronics.X-CUBE-EEPRMA1.5.2.0
2025-08-26 09:34:00,939 [WARN] PackLoader:240 - Cannot read IP mode file for STMicroelectronics.X-CUBE-AI.10.1.0
2025-08-26 09:34:00,996 [WARN] PackLoader:240 - Cannot read IP mode file for STMicroelectronics.X-CUBE-AZRTOS-G0.1.1.0
2025-08-26 09:34:01,040 [WARN] PackLoader:240 - Cannot read IP mode file for STMicroelectronics.X-CUBE-SAFEA1.1.2.2
2025-08-26 09:34:01,052 [WARN] PackLoader:240 - Cannot read IP mode file for STMicroelectronics.X-CUBE-NFC4.3.0.0
2025-08-26 09:34:01,076 [WARN] PackLoader:240 - Cannot read IP mode file for EmbeddedOffice.I-CUBE-FS-RTOS.1.0.1
2025-08-26 09:34:01,087 [WARN] PackLoader:240 - Cannot read IP mode file for STMicroelectronics.X-CUBE-WB05N.2.0.0
2025-08-26 09:34:01,096 [WARN] PackLoader:240 - Cannot read IP mode file for wolfSSL.I-CUBE-wolfTPM.3.8.0
2025-08-26 09:34:01,102 [WARN] PackLoader:240 - Cannot read IP mode file for STMicroelectronics.X-CUBE-TCPP.4.2.0
2025-08-26 09:34:01,109 [WARN] PackLoader:240 - Cannot read IP mode file for RealThread.X-CUBE-RT-Thread_Nano.4.1.1
2025-08-26 09:34:01,112 [WARN] PackLoader:240 - Cannot read IP mode file for STMicroelectronics.FP-ATR-SIGFOX1.3.2.0
2025-08-26 09:34:01,118 [WARN] PackLoader:240 - Cannot read IP mode file for ITTIA_DB.I-CUBE-ITTIADB.8.9.0
2025-08-26 09:34:01,125 [WARN] PackLoader:240 - Cannot read IP mode file for STMicroelectronics.X-CUBE-ST67W61.1.0.0
2025-08-26 09:34:01,135 [WARN] PackLoader:240 - Cannot read IP mode file for STMicroelectronics.X-CUBE-AI.10.2.0
2025-08-26 09:34:01,199 [WARN] PackLoader:240 - Cannot read IP mode file for SEGGER.I-CUBE-embOS.1.3.1
2025-08-26 09:34:01,261 [WARN] PackLoader:240 - Cannot read IP mode file for STMicroelectronics.X-CUBE-ALGOBUILD.1.4.0
2025-08-26 09:34:01,342 [WARN] PackLoader:240 - Cannot read IP mode file for STMicroelectronics.X-CUBE-MEMS1.11.3.0
2025-08-26 09:34:01,749 [WARN] PackLoader:240 - Cannot read IP mode file for STMicroelectronics.X-CUBE-PM33A1.1.0.0
2025-08-26 09:34:01,843 [WARN] PackLoader:240 - Cannot read IP mode file for STMicroelectronics.X-CUBE-AZRTOS-F4.1.1.0
2025-08-26 09:34:01,878 [WARN] PackLoader:240 - Cannot read IP mode file for Avnet-IotConnect.X-CUBE-IoTC-DA16k-PMOD.1.0.0
2025-08-26 09:34:01,900 [WARN] PackLoader:240 - Cannot read IP mode file for STMicroelectronics.X-CUBE-ISPU.2.1.0
2025-08-26 09:34:01,913 [WARN] PackLoader:240 - Cannot read IP mode file for STMicroelectronics.X-CUBE-NFC12.1.0.0
2025-08-26 09:34:01,950 [WARN] PackLoader:240 - Cannot read IP mode file for STMicroelectronics.X-CUBE-AZRTOS-L5.2.0.0
2025-08-26 09:34:01,987 [WARN] PackLoader:240 - Cannot read IP mode file for STMicroelectronics.X-CUBE-NFC6.3.1.0
2025-08-26 09:34:02,003 [WARN] PackLoader:240 - Cannot read IP mode file for STMicroelectronics.X-CUBE-FREERTOS.1.3.1
2025-08-26 09:34:02,028 [WARN] PackLoader:240 - Cannot read IP mode file for STMicroelectronics.FP-SNS-STAIOTCFT.1.0.0
2025-08-26 09:34:02,036 [WARN] PackLoader:240 - Cannot read IP mode file for STMicroelectronics.X-CUBE-DPower.1.3.0
2025-08-26 09:34:02,083 [WARN] ConditionMgr:438 - getConditionDescription Invalid condition id : LAN8742 Phy interface Condition cause : null
2025-08-26 09:34:02,086 [WARN] PackLoader:240 - Cannot read IP mode file for STMicroelectronics.X-CUBE-AZRTOS-L4.2.0.0
2025-08-26 09:34:02,090 [WARN] ConditionMgr:1044 - genDependencies : Invalid condition id : LAN8742 Phy interface Condition cause : null
2025-08-26 09:34:02,093 [WARN] ConditionMgr:1044 - genDependencies : Invalid condition id : LAN8742 Phy interface Condition cause : null
2025-08-26 09:34:02,095 [WARN] ConditionMgr:1044 - genDependencies : Invalid condition id : LAN8742 Phy interface Condition cause : null
2025-08-26 09:34:02,106 [WARN] PackLoader:240 - Cannot read IP mode file for STMicroelectronics.X-CUBE-SFXS2LP1.4.0.0
2025-08-26 09:34:02,159 [WARN] PackLoader:240 - Cannot read IP mode file for STMicroelectronics.X-CUBE-BLEMGR.4.1.0
2025-08-26 09:34:02,221 [WARN] ConditionMgr:438 - getConditionDescription Invalid condition id : UX DEVICE CLASS RTOS Condition cause : null
2025-08-26 09:34:02,222 [WARN] ConditionMgr:438 - getConditionDescription Invalid condition id : UX DEVICE CLASS RTOS Condition cause : null
2025-08-26 09:34:02,234 [WARN] PackLoader:240 - Cannot read IP mode file for STMicroelectronics.X-CUBE-AZRTOS-WB.2.0.0
2025-08-26 09:34:02,235 [WARN] ConditionMgr:1044 - genDependencies : Invalid condition id : UX DEVICE CLASS RTOS Condition cause : null
2025-08-26 09:34:02,235 [WARN] ConditionMgr:1044 - genDependencies : Invalid condition id : UX DEVICE CLASS RTOS Condition cause : null
2025-08-26 09:34:02,236 [WARN] ConditionMgr:1044 - genDependencies : Invalid condition id : UX DEVICE CLASS RTOS Condition cause : null
2025-08-26 09:34:02,237 [WARN] ConditionMgr:1044 - genDependencies : Invalid condition id : UX DEVICE CLASS RTOS Condition cause : null
2025-08-26 09:34:02,237 [WARN] ConditionMgr:1044 - genDependencies : Invalid condition id : UX DEVICE CLASS RTOS Condition cause : null
2025-08-26 09:34:02,246 [WARN] PackLoader:240 - Cannot read IP mode file for STMicroelectronics.X-CUBE-GNSS1.7.0.1
2025-08-26 09:34:02,289 [WARN] PackLoader:240 - Cannot read IP mode file for STMicroelectronics.X-CUBE-TOUCHGFX.4.25.0
2025-08-26 09:34:02,302 [WARN] ConditionMgr:438 - getConditionDescription Invalid condition id : Cortex-A Device cause : null
2025-08-26 09:34:02,907 [WARN] ConditionMgr:1044 - genDependencies : Invalid condition id : Cortex-A Device cause : null
2025-08-26 09:34:02,907 [WARN] ConditionMgr:1044 - genDependencies : Invalid condition id : Cortex-A Device cause : null
2025-08-26 09:34:02,907 [WARN] ConditionMgr:1044 - genDependencies : Invalid condition id : Cortex-A Device cause : null
2025-08-26 09:34:02,939 [WARN] PackLoader:240 - Cannot read IP mode file for STMicroelectronics.X-CUBE-SUBG2.5.0.0
2025-08-26 09:34:03,018 [WARN] PackLoader:240 - Cannot read IP mode file for STMicroelectronics.X-CUBE-AZRTOS-H7RS.1.1.0
2025-08-26 09:34:03,034 [WARN] PackLoader:240 - Cannot read IP mode file for Cesanta.I-CUBE-Mongoose.7.13.0
2025-08-26 09:34:03,064 [WARN] PackLoader:240 - Cannot read IP mode file for STMicroelectronics.X-CUBE-AZRTOS-G4.2.0.0
2025-08-26 09:34:03,072 [WARN] PackLoader:240 - Cannot read IP mode file for wolfSSL.I-CUBE-wolfSSH.1.4.20
2025-08-26 09:34:03,078 [WARN] PackLoader:240 - Cannot read IP mode file for STMicroelectronics.X-CUBE-NFC7.2.0.0
2025-08-26 09:34:03,099 [WARN] PackLoader:240 - Cannot read IP mode file for STMicroelectronics.X-CUBE-IPS.3.1.0
2025-08-26 09:34:03,112 [WARN] PackLoader:240 - Cannot read IP mode file for STMicroelectronics.X-CUBE-ALS.1.0.2
2025-08-26 09:34:03,121 [WARN] PackLoader:240 - Cannot read IP mode file for portGmbH.I-Cube-SoM-uGOAL.1.1.0
2025-08-26 09:34:03,140 [WARN] PackLoader:240 - Cannot read IP mode file for STMicroelectronics.X-CUBE-TOF1.3.4.3
2025-08-26 09:34:03,154 [INFO] ThirdParty:978 - Integrity check success = true
2025-08-26 09:34:03,154 [INFO] IntegrityCheckThread:100 - exiting critical section [integrity check]
2025-08-26 09:34:03,154 [INFO] IntegrityCheckThread:103 - End integrity checks thread
2025-08-26 09:34:05,226 [INFO] WebApp:169 - Instantiating new browser for Auth
2025-08-26 09:34:07,104 [INFO] WebApp:463 - Apply proxy settings
2025-08-26 09:34:07,128 [INFO] WebApp:508 - Chromium authenticates against Manually configured proxy
2025-08-26 09:34:07,144 [INFO] WebApp:516 - Username used for proxy authentication: 
2025-08-26 09:34:07,197 [INFO] WebApp:900 - Register for checkConnection events
2025-08-26 09:34:07,198 [INFO] WebApp:463 - Apply proxy settings
2025-08-26 09:34:07,204 [INFO] WebApp:508 - Chromium authenticates against Manually configured proxy
2025-08-26 09:34:07,205 [INFO] WebApp:516 - Username used for proxy authentication: 
2025-08-26 09:34:07,421 [INFO] WebApp:225 - Starting web application
2025-08-26 09:34:07,422 [INFO] WebApp:593 - Web application path used /Applications/STM32CubeIDE.app/Contents/Eclipse/plugins/com.st.stm32cube.common.mx_6.15.0.202507011659/db/plugins/mcufinder/reactClient1/index.html
2025-08-26 09:34:08,703 [INFO] WebApp:191 - Connection restablished
